<?xml version="1.0" encoding="utf-8" ?>
<Sample>
  <LocalizedContent Language="en">
    <Title>Responsive Web Design Mode</Title>
    <Description>Sample Description</Description>
    <HelpTopics>
      <HelpTopic Title="Test Help Topic" TopicName="Test_Help_Topic" />
    </HelpTopics>
  </LocalizedContent>
  <LocalizedContent Language="ja">
    <Title>レスポンス Web デザイン モード</Title>
    <Description></Description>
    <HelpTopics>
      <HelpTopic Title="Test Help Topic JA" TopicName="Test_Help_Topic_JA" />
    </HelpTopics>
  </LocalizedContent>
  <ServerRuntime>File</ServerRuntime>
  <Status></Status>
  <IsResponsive>True</IsResponsive>
</Sample>
