<?xml version="1.0" encoding="utf-8" ?>
<Sample>
  <LocalizedContent Language="en">
    <Title>Responsive Web Design Mode</Title>
    <Description>Sample Description</Description>
  </LocalizedContent>
  <LocalizedContent Language="ja">
    <Title>レスポンス Web デザイン モード</Title>
    <Description></Description>
  </LocalizedContent>
  <ServerRuntime>File</ServerRuntime>
  <Status>CTP</Status>
  <IsResponsive>True</IsResponsive>
</Sample>
