<?xml version="1.0" encoding="utf-8" ?>
<Sample>
  <LocalizedContent Language="en">
    <Title>New Sample Title</Title>
    <Description>This is a new description.</Description>
  </LocalizedContent>
  <RedirectToSample CopyTargetTitleAndDescription="false">test-component/test-html-responsive-sample</RedirectToSample>
  <ServerRuntime></ServerRuntime>
  <Status></Status>
</Sample>
