<?xml version="1.0" encoding="utf-8" ?>
<Sample>
  <LocalizedContent Language="en">
    <Title>Test Mobile Sample</Title>
    <Description>Test Mobile Sample Description</Description>
  </LocalizedContent>
  <LocalizedContent Language="ja">
    <Title>Test Mobile Sample JA</Title>
    <Description>Test Mobile Sample Description JA</Description>
  </LocalizedContent>
  <ServerRuntime>File</ServerRuntime>
  <Status></Status>
</Sample>
